mode: set
gitea.slauson.io/slausonio/iam-ms/service/session.go:22.42,26.2 1 0
gitea.slauson.io/slausonio/iam-ms/service/session.go:30.34,32.16 2 1
gitea.slauson.io/slausonio/iam-ms/service/session.go:32.16,34.3 1 1
gitea.slauson.io/slausonio/iam-ms/service/session.go:35.2,35.22 1 1
gitea.slauson.io/slausonio/iam-ms/service/session.go:41.39,43.16 2 1
gitea.slauson.io/slausonio/iam-ms/service/session.go:43.16,49.3 1 1
gitea.slauson.io/slausonio/iam-ms/service/session.go:51.2,51.55 1 1
gitea.slauson.io/slausonio/iam-ms/service/user.go:28.36,32.2 1 0
gitea.slauson.io/slausonio/iam-ms/service/user.go:34.71,36.16 2 1
gitea.slauson.io/slausonio/iam-ms/service/user.go:36.16,38.3 1 1
gitea.slauson.io/slausonio/iam-ms/service/user.go:40.2,40.22 1 1
gitea.slauson.io/slausonio/iam-ms/service/user.go:43.74,45.16 2 1
gitea.slauson.io/slausonio/iam-ms/service/user.go:45.16,47.3 1 1
gitea.slauson.io/slausonio/iam-ms/service/user.go:49.2,49.22 1 1
gitea.slauson.io/slausonio/iam-ms/service/user.go:54.31,56.16 2 1
gitea.slauson.io/slausonio/iam-ms/service/user.go:56.16,58.3 1 1
gitea.slauson.io/slausonio/iam-ms/service/user.go:60.2,60.22 1 1
gitea.slauson.io/slausonio/iam-ms/service/user.go:66.31,68.16 2 1
gitea.slauson.io/slausonio/iam-ms/service/user.go:68.16,70.3 1 1
gitea.slauson.io/slausonio/iam-ms/service/user.go:71.2,71.22 1 1
gitea.slauson.io/slausonio/iam-ms/service/user.go:77.31,80.16 3 1
gitea.slauson.io/slausonio/iam-ms/service/user.go:80.16,82.3 1 1
gitea.slauson.io/slausonio/iam-ms/service/user.go:83.2,83.22 1 1
gitea.slauson.io/slausonio/iam-ms/service/user.go:89.31,91.16 2 1
gitea.slauson.io/slausonio/iam-ms/service/user.go:91.16,93.3 1 1
gitea.slauson.io/slausonio/iam-ms/service/user.go:94.2,94.22 1 1
gitea.slauson.io/slausonio/iam-ms/service/user.go:97.81,99.16 2 1
gitea.slauson.io/slausonio/iam-ms/service/user.go:99.16,101.3 1 1
gitea.slauson.io/slausonio/iam-ms/service/user.go:103.2,103.55 1 1
gitea.slauson.io/slausonio/iam-ms/client/aw.go:36.30,46.2 1 0
gitea.slauson.io/slausonio/iam-ms/client/aw.go:48.68,55.65 6 1
gitea.slauson.io/slausonio/iam-ms/client/aw.go:55.65,57.3 1 1
gitea.slauson.io/slausonio/iam-ms/client/aw.go:58.2,58.22 1 1
gitea.slauson.io/slausonio/iam-ms/client/aw.go:61.71,68.65 6 1
gitea.slauson.io/slausonio/iam-ms/client/aw.go:68.65,70.3 1 1
gitea.slauson.io/slausonio/iam-ms/client/aw.go:71.2,71.22 1 1
gitea.slauson.io/slausonio/iam-ms/client/aw.go:74.94,78.16 4 1
gitea.slauson.io/slausonio/iam-ms/client/aw.go:78.16,80.3 1 0
gitea.slauson.io/slausonio/iam-ms/client/aw.go:82.2,89.65 6 1
gitea.slauson.io/slausonio/iam-ms/client/aw.go:89.65,91.3 1 1
gitea.slauson.io/slausonio/iam-ms/client/aw.go:92.2,92.22 1 1
gitea.slauson.io/slausonio/iam-ms/client/aw.go:98.31,101.16 3 0
gitea.slauson.io/slausonio/iam-ms/client/aw.go:101.16,103.3 1 0
gitea.slauson.io/slausonio/iam-ms/client/aw.go:105.2,112.65 6 0
gitea.slauson.io/slausonio/iam-ms/client/aw.go:112.65,114.3 1 0
gitea.slauson.io/slausonio/iam-ms/client/aw.go:115.2,115.22 1 0
gitea.slauson.io/slausonio/iam-ms/client/aw.go:121.31,124.16 3 0
gitea.slauson.io/slausonio/iam-ms/client/aw.go:124.16,126.3 1 0
gitea.slauson.io/slausonio/iam-ms/client/aw.go:128.2,135.65 6 0
gitea.slauson.io/slausonio/iam-ms/client/aw.go:135.65,137.3 1 0
gitea.slauson.io/slausonio/iam-ms/client/aw.go:138.2,138.22 1 0
gitea.slauson.io/slausonio/iam-ms/client/aw.go:144.31,147.16 3 0
gitea.slauson.io/slausonio/iam-ms/client/aw.go:147.16,149.3 1 0
gitea.slauson.io/slausonio/iam-ms/client/aw.go:151.2,158.65 6 0
gitea.slauson.io/slausonio/iam-ms/client/aw.go:158.65,160.3 1 0
gitea.slauson.io/slausonio/iam-ms/client/aw.go:161.2,161.22 1 0
gitea.slauson.io/slausonio/iam-ms/client/aw.go:164.48,171.2 5 1
gitea.slauson.io/slausonio/iam-ms/client/aw.go:175.34,178.16 3 1
gitea.slauson.io/slausonio/iam-ms/client/aw.go:178.16,180.3 1 0
gitea.slauson.io/slausonio/iam-ms/client/aw.go:182.2,188.65 5 1
gitea.slauson.io/slausonio/iam-ms/client/aw.go:188.65,190.3 1 1
gitea.slauson.io/slausonio/iam-ms/client/aw.go:191.2,191.22 1 1
gitea.slauson.io/slausonio/iam-ms/client/aw.go:194.56,202.2 5 1
gitea.slauson.io/slausonio/iam-ms/client/aw.go:207.9,209.16 2 1
gitea.slauson.io/slausonio/iam-ms/client/aw.go:209.16,211.3 1 1
gitea.slauson.io/slausonio/iam-ms/client/aw.go:213.2,213.55 1 1
gitea.slauson.io/slausonio/iam-ms/client/aw.go:213.55,215.56 2 0
gitea.slauson.io/slausonio/iam-ms/client/aw.go:215.56,217.4 1 0
gitea.slauson.io/slausonio/iam-ms/client/aw.go:219.3,219.41 1 0
gitea.slauson.io/slausonio/iam-ms/client/aw.go:220.8,220.28 1 1
gitea.slauson.io/slausonio/iam-ms/client/aw.go:220.28,221.58 1 1
gitea.slauson.io/slausonio/iam-ms/client/aw.go:221.58,223.4 1 1
gitea.slauson.io/slausonio/iam-ms/client/aw.go:226.2,226.12 1 1
gitea.slauson.io/slausonio/iam-ms/utils/validations.go:12.42,16.2 1 1
gitea.slauson.io/slausonio/iam-ms/utils/validations.go:18.93,19.59 1 1
gitea.slauson.io/slausonio/iam-ms/utils/validations.go:19.59,21.3 1 1
gitea.slauson.io/slausonio/iam-ms/utils/validations.go:23.2,23.65 1 1
gitea.slauson.io/slausonio/iam-ms/utils/validations.go:23.65,25.3 1 1
gitea.slauson.io/slausonio/iam-ms/utils/validations.go:27.2,27.57 1 1
gitea.slauson.io/slausonio/iam-ms/utils/validations.go:27.57,29.3 1 1
gitea.slauson.io/slausonio/iam-ms/utils/validations.go:31.2,31.59 1 1
gitea.slauson.io/slausonio/iam-ms/utils/validations.go:31.59,33.3 1 1
gitea.slauson.io/slausonio/iam-ms/utils/validations.go:35.2,35.12 1 1
gitea.slauson.io/slausonio/iam-ms/utils/validations.go:38.99,39.65 1 1
gitea.slauson.io/slausonio/iam-ms/utils/validations.go:39.65,41.3 1 1
gitea.slauson.io/slausonio/iam-ms/utils/validations.go:43.2,43.12 1 1
gitea.slauson.io/slausonio/iam-ms/utils/validations.go:46.93,47.59 1 1
gitea.slauson.io/slausonio/iam-ms/utils/validations.go:47.59,49.3 1 1
gitea.slauson.io/slausonio/iam-ms/utils/validations.go:51.2,51.12 1 1
gitea.slauson.io/slausonio/iam-ms/utils/validations.go:54.93,55.60 1 1
gitea.slauson.io/slausonio/iam-ms/utils/validations.go:55.60,57.3 1 1
gitea.slauson.io/slausonio/iam-ms/utils/validations.go:59.2,59.12 1 1
gitea.slauson.io/slausonio/iam-ms/controller/session.go:23.48,27.2 1 0
gitea.slauson.io/slausonio/iam-ms/controller/session.go:29.65,32.16 3 1
gitea.slauson.io/slausonio/iam-ms/controller/session.go:32.16,35.3 2 1
gitea.slauson.io/slausonio/iam-ms/controller/session.go:36.2,37.16 2 1
gitea.slauson.io/slausonio/iam-ms/controller/session.go:37.16,40.3 2 1
gitea.slauson.io/slausonio/iam-ms/controller/session.go:41.2,41.33 1 1
gitea.slauson.io/slausonio/iam-ms/controller/session.go:44.60,48.16 4 1
gitea.slauson.io/slausonio/iam-ms/controller/session.go:48.16,51.3 2 1
gitea.slauson.io/slausonio/iam-ms/controller/session.go:53.2,53.33 1 1
gitea.slauson.io/slausonio/iam-ms/controller/user.go:30.42,34.2 1 0
gitea.slauson.io/slausonio/iam-ms/controller/user.go:36.53,39.14 2 1
gitea.slauson.io/slausonio/iam-ms/controller/user.go:39.14,42.3 2 1
gitea.slauson.io/slausonio/iam-ms/controller/user.go:43.2,43.31 1 1
gitea.slauson.io/slausonio/iam-ms/controller/user.go:46.55,50.14 3 1
gitea.slauson.io/slausonio/iam-ms/controller/user.go:50.14,53.3 2 1
gitea.slauson.io/slausonio/iam-ms/controller/user.go:54.2,54.33 1 1
gitea.slauson.io/slausonio/iam-ms/controller/user.go:57.54,61.16 4 1
gitea.slauson.io/slausonio/iam-ms/controller/user.go:61.16,64.3 2 1
gitea.slauson.io/slausonio/iam-ms/controller/user.go:66.2,67.16 2 1
gitea.slauson.io/slausonio/iam-ms/controller/user.go:67.16,70.3 2 1
gitea.slauson.io/slausonio/iam-ms/controller/user.go:72.2,74.14 2 1
gitea.slauson.io/slausonio/iam-ms/controller/user.go:74.14,77.3 2 1
gitea.slauson.io/slausonio/iam-ms/controller/user.go:78.2,78.31 1 1
gitea.slauson.io/slausonio/iam-ms/controller/user.go:81.58,87.16 5 1
gitea.slauson.io/slausonio/iam-ms/controller/user.go:87.16,90.3 2 1
gitea.slauson.io/slausonio/iam-ms/controller/user.go:92.2,94.16 2 1
gitea.slauson.io/slausonio/iam-ms/controller/user.go:94.16,97.3 2 1
gitea.slauson.io/slausonio/iam-ms/controller/user.go:99.2,101.14 2 1
gitea.slauson.io/slausonio/iam-ms/controller/user.go:101.14,104.3 2 1
gitea.slauson.io/slausonio/iam-ms/controller/user.go:105.2,105.31 1 1
gitea.slauson.io/slausonio/iam-ms/controller/user.go:108.55,113.16 5 1
gitea.slauson.io/slausonio/iam-ms/controller/user.go:113.16,116.3 2 1
gitea.slauson.io/slausonio/iam-ms/controller/user.go:118.2,120.16 2 1
gitea.slauson.io/slausonio/iam-ms/controller/user.go:120.16,123.3 2 1
gitea.slauson.io/slausonio/iam-ms/controller/user.go:125.2,126.14 2 1
gitea.slauson.io/slausonio/iam-ms/controller/user.go:126.14,129.3 2 1
gitea.slauson.io/slausonio/iam-ms/controller/user.go:130.2,130.31 1 1
gitea.slauson.io/slausonio/iam-ms/controller/user.go:133.55,138.16 5 1
gitea.slauson.io/slausonio/iam-ms/controller/user.go:138.16,141.3 2 1
gitea.slauson.io/slausonio/iam-ms/controller/user.go:143.2,144.16 2 1
gitea.slauson.io/slausonio/iam-ms/controller/user.go:144.16,147.3 2 1
gitea.slauson.io/slausonio/iam-ms/controller/user.go:149.2,150.14 2 1
gitea.slauson.io/slausonio/iam-ms/controller/user.go:150.14,153.3 2 1
gitea.slauson.io/slausonio/iam-ms/controller/user.go:154.2,154.31 1 1
gitea.slauson.io/slausonio/iam-ms/controller/user.go:157.54,160.16 3 1
gitea.slauson.io/slausonio/iam-ms/controller/user.go:160.16,163.3 2 1
gitea.slauson.io/slausonio/iam-ms/controller/user.go:164.2,164.33 1 1
gitea.slauson.io/slausonio/iam-ms/main.go:12.13,25.2 5 1
gitea.slauson.io/slausonio/iam-ms/main.go:27.13,31.16 3 0
gitea.slauson.io/slausonio/iam-ms/main.go:31.16,33.3 1 0
gitea.slauson.io/slausonio/iam-ms/router.go:12.33,19.34 5 1
gitea.slauson.io/slausonio/iam-ms/router.go:19.34,21.3 1 0
gitea.slauson.io/slausonio/iam-ms/router.go:23.2,23.41 1 1
gitea.slauson.io/slausonio/iam-ms/router.go:23.41,25.3 1 0
gitea.slauson.io/slausonio/iam-ms/router.go:27.2,28.2 2 1
gitea.slauson.io/slausonio/iam-ms/router.go:28.2,30.3 2 1
gitea.slauson.io/slausonio/iam-ms/router.go:30.3,38.4 7 1
gitea.slauson.io/slausonio/iam-ms/router.go:40.3,41.3 2 1
gitea.slauson.io/slausonio/iam-ms/router.go:41.3,44.4 2 1
gitea.slauson.io/slausonio/iam-ms/router.go:47.2,47.10 1 1
